<?xml version="1.0" encoding="UTF-8"?>
<!-- Generated by org.testng.reporters.JUnitReportReporter -->
<testsuite hostname="DESKTOP-OS9HIGU" name="assignment.java.Java_Assign9" tests="1" failures="0" timestamp="16 Jul 2020 10:09:50 GMT" time="0.012" errors="0">
  <testcase name="htmlfiletable" time="0.012" classname="assignment.java.Java_Assign9"/>
</testsuite> <!-- assignment.java.Java_Assign9 -->
