<?xml version="1.0" encoding="UTF-8"?>
<!-- Generated by org.testng.reporters.JUnitReportReporter -->
<testsuite hostname="DESKTOP-OS9HIGU" name="assignment.java.Java_Assign7" tests="1" failures="0" timestamp="15 Jul 2020 21:37:26 GMT" time="2.146" errors="0">
  <testcase name="emailaccount" time="2.146" classname="assignment.java.Java_Assign7"/>
</testsuite> <!-- assignment.java.Java_Assign7 -->
